<?xml version="1.0" encoding="UTF-8"?>
<testng-results ignored="0" total="1" passed="1" failed="0" skipped="0">
  <reporter-output>
  </reporter-output>
  <suite started-at="2024-03-23T20:10:29 IST" name="Surefire suite" finished-at="2024-03-23T20:10:29 IST" duration-ms="18">
    <groups>
    </groups>
    <test started-at="2024-03-23T20:10:29 IST" name="Surefire test" finished-at="2024-03-23T20:10:29 IST" duration-ms="18">
      <class name="Cucumber_task.Cucumber_task.AppTest">
        <test-method signature="testApp()[pri:0, instance:testApp(Cucumber_task.Cucumber_task.AppTest)]" started-at="2024-03-23T20:10:29 IST" name="testApp" finished-at="2024-03-23T20:10:29 IST" duration-ms="2" status="PASS">
          <reporter-output>
          </reporter-output>
        </test-method> <!-- testApp -->
      </class> <!-- Cucumber_task.Cucumber_task.AppTest -->
    </test> <!-- Surefire test -->
  </suite> <!-- Surefire suite -->
</testng-results>
